[2026-03-10T06:19:33.422Z] [INFO] === Starting Price Watch Data Fetch ===
[2026-03-10T06:19:33.424Z] [INFO] Fetching data (attempt 1/3)...
[2026-03-10T06:19:33.762Z] [ERROR] Fetch failed: HTTP 404: Not Found
[2026-03-10T06:19:33.762Z] [INFO] Retrying in 5 seconds...
[2026-03-10T06:19:38.762Z] [INFO] Fetching data (attempt 2/3)...
[2026-03-10T06:19:39.018Z] [ERROR] Fetch failed: HTTP 404: Not Found
[2026-03-10T06:19:39.018Z] [INFO] Retrying in 5 seconds...
[2026-03-10T06:19:44.020Z] [INFO] Fetching data (attempt 3/3)...
[2026-03-10T06:29:58.800Z] [INFO] === Starting Price Watch Data Fetch ===
[2026-03-10T06:29:58.807Z] [INFO] Fetching data (attempt 1/3)...
[2026-03-10T06:29:58.901Z] [ERROR] Fetch failed: HTTP 403: Forbidden
[2026-03-10T06:29:58.902Z] [INFO] Retrying in 5 seconds...
[2026-03-10T06:30:03.903Z] [INFO] Fetching data (attempt 2/3)...
[2026-03-10T06:30:03.923Z] [ERROR] Fetch failed: HTTP 403: Forbidden
[2026-03-10T06:30:03.924Z] [INFO] Retrying in 5 seconds...
[2026-03-10T06:30:08.924Z] [INFO] Fetching data (attempt 3/3)...
[2026-03-10T06:34:53.742Z] [INFO] === Starting Price Watch Data Fetch ===
[2026-03-10T06:34:53.745Z] [INFO] Fetching data (attempt 1/3)...
[2026-03-10T06:34:53.827Z] [ERROR] Fetch failed: HTTP 403: Forbidden
[2026-03-10T06:34:53.828Z] [INFO] Retrying in 5 seconds...
[2026-03-10T06:34:58.828Z] [INFO] Fetching data (attempt 2/3)...
[2026-03-10T06:34:58.846Z] [ERROR] Fetch failed: HTTP 403: Forbidden
[2026-03-10T06:34:58.846Z] [INFO] Retrying in 5 seconds...
[2026-03-10T06:35:03.847Z] [INFO] Fetching data (attempt 3/3)...
